
======================================================================
Orchestration started: 2025-11-10T16:25:01.446Z
======================================================================

[2025-11-10T16:25:01.451Z] INFO Orchestrator started | Agent: orchestrator, Task: coordinate, Phase: 2.5
[2025-11-10T16:25:01.452Z] PHASE Starting phase orchestration: [1m2.5[0m
[2025-11-10T16:25:01.452Z] INFO Executing 0 agent(s) in sequence | abort_on_fail: true
[2025-11-10T16:25:01.454Z] SUCCESS Orchestration completed successfully

======================================================================
Orchestration started: 2025-11-10T16:25:17.538Z
======================================================================

[2025-11-10T16:25:17.544Z] INFO Orchestrator started | Agent: orchestrator, Task: coordinate, Phase: 2.5
[2025-11-10T16:25:17.545Z] PHASE Starting phase orchestration: [1m2.5[0m
[2025-11-10T16:25:17.546Z] INFO Executing 0 agent(s) in sequence | abort_on_fail: true
[2025-11-10T16:25:17.547Z] SUCCESS Orchestration completed successfully

======================================================================
Orchestration started: 2025-11-10T16:26:43.040Z
======================================================================

[2025-11-10T16:26:43.044Z] INFO Orchestrator started | Agent: orchestrator, Task: coordinate, Phase: 2.5
[2025-11-10T16:26:43.046Z] PHASE Starting phase orchestration: [1m2.5[0m
[2025-11-10T16:26:43.046Z] INFO Executing 0 agent(s) in sequence | abort_on_fail: true
[2025-11-10T16:26:43.048Z] SUCCESS Orchestration completed successfully

======================================================================
Orchestration started: 2025-11-10T16:27:21.282Z
======================================================================

[2025-11-10T16:27:21.287Z] INFO Orchestrator started | Agent: orchestrator, Task: coordinate, Phase: 2.5
[2025-11-10T16:27:21.289Z] PHASE Starting phase orchestration: [1m2.5[0m
[2025-11-10T16:27:21.289Z] INFO Executing 0 agent(s) in sequence | abort_on_fail: true
[2025-11-10T16:27:21.290Z] SUCCESS Orchestration completed successfully

======================================================================
Orchestration started: 2025-11-10T16:27:28.984Z
======================================================================

[2025-11-10T16:27:28.988Z] INFO Orchestrator started | Agent: orchestrator, Task: coordinate, Phase: 2.5
[2025-11-10T16:27:28.990Z] PHASE Starting phase orchestration: [1m2.5[0m
[2025-11-10T16:27:28.991Z] INFO Executing 0 agent(s) in sequence | abort_on_fail: true
[2025-11-10T16:27:28.992Z] SUCCESS Orchestration completed successfully

======================================================================
Orchestration started: 2025-11-10T16:27:40.382Z
======================================================================

[2025-11-10T16:27:40.386Z] INFO Orchestrator started | Agent: orchestrator, Task: coordinate, Phase: 2.5
[2025-11-10T16:27:40.391Z] PHASE Starting phase orchestration: [1m2.5[0m
[2025-11-10T16:27:40.391Z] INFO Executing 0 agent(s) in sequence | abort_on_fail: true
[2025-11-10T16:27:40.393Z] SUCCESS Orchestration completed successfully

======================================================================
Orchestration started: 2025-11-10T16:27:54.303Z
======================================================================

[2025-11-10T16:27:54.308Z] INFO Orchestrator started | Agent: orchestrator, Task: coordinate, Phase: 2.5
[2025-11-10T16:27:54.313Z] PHASE Starting phase orchestration: [1m2.5[0m
[2025-11-10T16:27:54.313Z] INFO Executing 0 agent(s) in sequence | abort_on_fail: true
[2025-11-10T16:27:54.314Z] SUCCESS Orchestration completed successfully

======================================================================
Orchestration started: 2025-11-10T16:28:07.121Z
======================================================================

[2025-11-10T16:28:07.126Z] INFO Orchestrator started | Agent: orchestrator, Task: coordinate, Phase: 2.5
[2025-11-10T16:28:07.131Z] PHASE Starting phase orchestration: [1m2.5[0m
[2025-11-10T16:28:07.132Z] INFO Executing 0 agent(s) in sequence | abort_on_fail: true
[2025-11-10T16:28:07.133Z] SUCCESS Orchestration completed successfully

======================================================================
Orchestration started: 2025-11-10T16:28:14.843Z
======================================================================

[2025-11-10T16:28:14.848Z] INFO Orchestrator started | Agent: orchestrator, Task: coordinate, Phase: 2.5
[2025-11-10T16:28:14.853Z] PHASE Starting phase orchestration: [1m2.5[0m
[2025-11-10T16:28:14.854Z] INFO Executing 5 agent(s) in sequence | abort_on_fail: true
[2025-11-10T16:28:14.855Z] AGENT Executing: build-engineer | Task: workspace-build
[2025-11-10T16:28:14.941Z] ERROR Agent build-engineer failed | Agent build-engineer failed with exit code 1
[2025-11-10T16:28:14.941Z] ERROR Aborting orchestration due to failure | abort_on_fail: true
[2025-11-10T16:28:14.942Z] ERROR Orchestration failed | Agent build-engineer failed with exit code 1

FATAL ERROR: Agent build-engineer failed with exit code 1
Error: Agent build-engineer failed with exit code 1
    at ChildProcess.<anonymous> (file:///C:/Users/autre/OneDrive/Desktop/Projects%20(Golden%20Sheep%20AI)/Sheplang/scripts/orchestrate.mjs:219:16)
    at ChildProcess.emit (node:events:519:28)
    at maybeClose (node:internal/child_process:1101:16)
    at ChildProcess._handle.onexit (node:internal/child_process:304:5)

======================================================================
Orchestration started: 2025-11-10T16:28:39.451Z
======================================================================

[2025-11-10T16:28:39.456Z] INFO Orchestrator started | Agent: orchestrator, Task: coordinate, Phase: 2.5
[2025-11-10T16:28:39.457Z] PHASE Starting phase orchestration: [1m2.5[0m
[2025-11-10T16:28:39.458Z] INFO Executing 5 agent(s) in sequence | abort_on_fail: true
[2025-11-10T16:28:39.459Z] AGENT Executing: build-engineer | Task: workspace-build
[2025-11-10T16:28:39.544Z] ERROR Agent build-engineer failed | Agent build-engineer failed with exit code 1
[2025-11-10T16:28:39.544Z] ERROR Aborting orchestration due to failure | abort_on_fail: true
[2025-11-10T16:28:39.545Z] ERROR Orchestration failed | Agent build-engineer failed with exit code 1

FATAL ERROR: Agent build-engineer failed with exit code 1
Error: Agent build-engineer failed with exit code 1
    at ChildProcess.<anonymous> (file:///C:/Users/autre/OneDrive/Desktop/Projects%20(Golden%20Sheep%20AI)/Sheplang/scripts/orchestrate.mjs:205:16)
    at ChildProcess.emit (node:events:519:28)
    at maybeClose (node:internal/child_process:1101:16)
    at ChildProcess._handle.onexit (node:internal/child_process:304:5)

======================================================================
Orchestration started: 2025-11-10T16:29:56.824Z
======================================================================

[2025-11-10T16:29:56.829Z] INFO Orchestrator started | Agent: orchestrator, Task: coordinate, Phase: 2.5
[2025-11-10T16:29:56.830Z] PHASE Starting phase orchestration: [1m2.5[0m
[2025-11-10T16:29:56.830Z] INFO Executing 5 agent(s) in sequence | abort_on_fail: true
[2025-11-10T16:29:56.831Z] AGENT Executing: build-engineer | Task: workspace-build
[2025-11-10T16:29:56.914Z] ERROR Agent build-engineer failed | Agent build-engineer failed with exit code 1
[2025-11-10T16:29:56.915Z] ERROR Aborting orchestration due to failure | abort_on_fail: true
[2025-11-10T16:29:56.915Z] ERROR Orchestration failed | Agent build-engineer failed with exit code 1

FATAL ERROR: Agent build-engineer failed with exit code 1
Error: Agent build-engineer failed with exit code 1
    at ChildProcess.<anonymous> (file:///C:/Users/autre/OneDrive/Desktop/Projects%20(Golden%20Sheep%20AI)/Sheplang/scripts/orchestrate.mjs:205:16)
    at ChildProcess.emit (node:events:519:28)
    at maybeClose (node:internal/child_process:1101:16)
    at ChildProcess._handle.onexit (node:internal/child_process:304:5)

======================================================================
Orchestration started: 2025-11-10T16:32:20.521Z
======================================================================

[2025-11-10T16:32:20.527Z] INFO Orchestrator started | Agent: orchestrator, Task: coordinate, Phase: 2.5
[2025-11-10T16:32:20.528Z] PHASE Starting phase orchestration: [1m2.5[0m
[2025-11-10T16:32:20.529Z] INFO Executing 5 agent(s) in sequence | abort_on_fail: true
[2025-11-10T16:32:20.530Z] AGENT Executing: build-engineer | Task: workspace-build
[2025-11-10T16:32:21.640Z] ERROR Agent build-engineer failed | Agent build-engineer failed with exit code 1
[2025-11-10T16:32:21.640Z] ERROR Aborting orchestration due to failure | abort_on_fail: true
[2025-11-10T16:32:21.641Z] ERROR Orchestration failed | Agent build-engineer failed with exit code 1

FATAL ERROR: Agent build-engineer failed with exit code 1
Error: Agent build-engineer failed with exit code 1
    at ChildProcess.<anonymous> (file:///C:/Users/autre/OneDrive/Desktop/Projects%20(Golden%20Sheep%20AI)/Sheplang/scripts/orchestrate.mjs:205:16)
    at ChildProcess.emit (node:events:519:28)
    at maybeClose (node:internal/child_process:1101:16)
    at ChildProcess._handle.onexit (node:internal/child_process:304:5)

======================================================================
Orchestration started: 2025-11-10T16:32:31.931Z
======================================================================

[2025-11-10T16:32:31.938Z] INFO Orchestrator started | Agent: orchestrator, Task: coordinate, Phase: 2.5
[2025-11-10T16:32:31.941Z] PHASE Starting phase orchestration: [1m2.5[0m
[2025-11-10T16:32:31.942Z] INFO Executing 5 agent(s) in sequence | abort_on_fail: true
[2025-11-10T16:32:31.944Z] AGENT Executing: build-engineer | Task: workspace-build
[2025-11-10T16:32:33.734Z] ERROR Agent build-engineer failed | Agent build-engineer failed with exit code 1
[2025-11-10T16:32:33.735Z] ERROR Aborting orchestration due to failure | abort_on_fail: true
[2025-11-10T16:32:33.735Z] ERROR Orchestration failed | Agent build-engineer failed with exit code 1

FATAL ERROR: Agent build-engineer failed with exit code 1
Error: Agent build-engineer failed with exit code 1
    at ChildProcess.<anonymous> (file:///C:/Users/autre/OneDrive/Desktop/Projects%20(Golden%20Sheep%20AI)/Sheplang/scripts/orchestrate.mjs:205:16)
    at ChildProcess.emit (node:events:519:28)
    at maybeClose (node:internal/child_process:1101:16)
    at ChildProcess._handle.onexit (node:internal/child_process:304:5)

======================================================================
Orchestration started: 2025-11-10T16:33:27.729Z
======================================================================

[2025-11-10T16:33:27.736Z] INFO Orchestrator started | Agent: orchestrator, Task: coordinate, Phase: 2.5
[2025-11-10T16:33:27.737Z] PHASE Starting phase orchestration: [1m2.5[0m
[2025-11-10T16:33:27.738Z] INFO Executing 5 agent(s) in sequence | abort_on_fail: true
[2025-11-10T16:33:27.739Z] AGENT Executing: build-engineer | Task: workspace-build
[2025-11-10T16:33:27.823Z] SUCCESS Agent build-engineer completed successfully
[2025-11-10T16:33:27.824Z] AGENT Executing: transpiler-engineer | Task: finalize-transpiler
[2025-11-10T16:33:31.053Z] ERROR Agent transpiler-engineer failed | Agent transpiler-engineer failed with exit code 1
[2025-11-10T16:33:31.054Z] ERROR Aborting orchestration due to failure | abort_on_fail: true
[2025-11-10T16:33:31.054Z] ERROR Orchestration failed | Agent transpiler-engineer failed with exit code 1

FATAL ERROR: Agent transpiler-engineer failed with exit code 1
Error: Agent transpiler-engineer failed with exit code 1
    at ChildProcess.<anonymous> (file:///C:/Users/autre/OneDrive/Desktop/Projects%20(Golden%20Sheep%20AI)/Sheplang/scripts/orchestrate.mjs:205:16)
    at ChildProcess.emit (node:events:519:28)
    at maybeClose (node:internal/child_process:1101:16)
    at ChildProcess._handle.onexit (node:internal/child_process:304:5)
